#
# A fatal error has been detected by the Java Runtime Environment:
#
#  EXCEPTION_ACCESS_VIOLATION (0xc0000005) at pc=0x000000007408446e, pid=3516, tid=0x0000000000003340
#
# JRE version: OpenJDK Runtime Environment (8.0_242-b01) (build 1.8.0_242-release-1644-b01)
# Java VM: OpenJDK 64-Bit Server VM (25.242-b01 mixed mode windows-amd64 compressed oops)
# Problematic frame:
# V  [jvm.dll+0x49446e]
#
# Failed to write core dump. Minidumps are not enabled by default on client versions of Windows
#
# If you would like to submit a bug report, please visit:
#   
#

---------------  T H R E A D  ---------------

Current thread (0x0000000019b63000):  JavaThread "C2 CompilerThread1" daemon [_thread_in_native, id=13120, stack(0x000000001b8b0000,0x000000001b9b0000)]

siginfo: ExceptionCode=0xc0000005, reading address 0xffffffffffffffff

Registers:
RAX=0x000000007414c3d0, RBX=0x000000007421c798, RCX=0x000000007421c798, RDX=0x0000000000000075
RSP=0x000000001b9ab590, RBP=0x000000001b9ab5d0, RSI=0x0000000000000840, RDI=0x0000000000000008
R8 =0x000000003809e8f0, R9 =0x000000003809e8f0, R10=0x000000001e55ada0, R11=0x0000000000000001
R12=0x0000000000000075, R13=0x000000001b9aba90, R14=0x0000000039a29be0, R15=0x0000000000000000
RIP=0x000000007408446e, EFLAGS=0x0000000000010202

Top of Stack: (sp=0x000000001b9ab590)
0x000000001b9ab590:   0000000022807e80 0000000022807e40
0x000000001b9ab5a0:   0000000000000837 0000000000000017
0x000000001b9ab5b0:   00000cce00000075 0000000000000000
0x000000001b9ab5c0:   0000000000000007 00000000224d0370
0x000000001b9ab5d0:   00000000180e8230 000000001cfefd00
0x000000001b9ab5e0:   00000000180e8230 0000000000000000
0x000000001b9ab5f0:   000000001b9ab700 0000000074086448
0x000000001b9ab600:   000000001b9aba90 0000000000000001
0x000000001b9ab610:   000000001b9abab0 00000000180e8230
0x000000001b9ab620:   000000001cfefd50 000000001cff7ce8
0x000000001b9ab630:   0000000000178108 0000000000000000
0x000000001b9ab640:   0000000000020020 0000000000020010
0x000000001b9ab650:   0000000000000001 000000007422f9e8
0x000000001b9ab660:   00000000180e8230 00007ffb00000002
0x000000001b9ab670:   000000001cfefd50 0000000000000001
0x000000001b9ab680:   000000001cfefd00 0000000000000000 

Instructions: (pc=0x000000007408446e)
0x000000007408444e:   ff c8 48 63 f8 0f 88 9c 00 00 00 0f 1f 80 00 00
0x000000007408445e:   00 00 49 8b 46 10 48 8b 1c f8 48 8b cb 48 8b 03
0x000000007408446e:   ff 50 10 84 c0 74 77 4d 8b 8d 98 09 00 00 8b 43
0x000000007408447e:   28 45 39 3c 81 75 67 48 8b 53 10 8b 43 20 4c 8d 


Register to memory mapping:

RAX=0x000000007414c3d0 is an unknown value
RBX=0x000000007421c798 is an unknown value
RCX=0x000000007421c798 is an unknown value
RDX=0x0000000000000075 is an unknown value
RSP=0x000000001b9ab590 is pointing into the stack for thread: 0x0000000019b63000
RBP=0x000000001b9ab5d0 is pointing into the stack for thread: 0x0000000019b63000
RSI=0x0000000000000840 is an unknown value
RDI=0x0000000000000008 is an unknown value
R8 =0x000000003809e8f0 is an unknown value
R9 =0x000000003809e8f0 is an unknown value
R10=0x000000001e55ada0 is an unknown value
R11=0x0000000000000001 is an unknown value
R12=0x0000000000000075 is an unknown value
R13=0x000000001b9aba90 is pointing into the stack for thread: 0x0000000019b63000
R14=0x0000000039a29be0 is an unknown value
R15=0x0000000000000000 is an unknown value


Stack: [0x000000001b8b0000,0x000000001b9b0000],  sp=0x000000001b9ab590,  free space=1005k
Native frames: (J=compiled Java code, j=interpreted, Vv=VM code, C=native code)
V  [jvm.dll+0x49446e]
V  [jvm.dll+0x496448]
V  [jvm.dll+0x4470f0]
V  [jvm.dll+0x447f14]
V  [jvm.dll+0x42b072]
V  [jvm.dll+0x8230f]
V  [jvm.dll+0x82c7f]
V  [jvm.dll+0x220b7f]
V  [jvm.dll+0x27276a]
C  [msvcr100.dll+0x21d9f]
C  [msvcr100.dll+0x21e3b]
C  [KERNEL32.DLL+0x17034]
C  [ntdll.dll+0x52651]


Current CompileTask:
C2:6136460 42108   !   4       com.android.tools.r8.utils.J::a (116 bytes)


---------------  P R O C E S S  ---------------

Java Threads: ( => current thread )
  0x000000001d920000 JavaThread "WorkerExecutor Queue Thread 14" [_thread_blocked, id=2828, stack(0x0000000046300000,0x0000000046400000)]
  0x0000000019c10000 JavaThread "WorkerExecutor Queue Thread 13" [_thread_blocked, id=1448, stack(0x0000000044fd0000,0x00000000450d0000)]
  0x0000000019c11000 JavaThread "stdout" [_thread_in_native, id=6828, stack(0x0000000046200000,0x0000000046300000)]
  0x0000000019c14000 JavaThread "stderr" [_thread_in_native, id=5976, stack(0x0000000046100000,0x0000000046200000)]
  0x0000000021e29800 JavaThread "stdout" [_thread_in_native, id=3464, stack(0x0000000046000000,0x0000000046100000)]
  0x0000000021e28800 JavaThread "stderr" [_thread_in_native, id=12784, stack(0x0000000045f00000,0x0000000046000000)]
  0x0000000021e2e800 JavaThread "stdout" [_thread_in_native, id=9708, stack(0x0000000045e00000,0x0000000045f00000)]
  0x0000000021e2e000 JavaThread "stderr" [_thread_in_native, id=6556, stack(0x0000000045d00000,0x0000000045e00000)]
  0x0000000021e25800 JavaThread "stdout" [_thread_in_native, id=7104, stack(0x0000000045c00000,0x0000000045d00000)]
  0x0000000021e2c800 JavaThread "stderr" [_thread_in_native, id=12268, stack(0x0000000045b00000,0x0000000045c00000)]
  0x0000000021e25000 JavaThread "stdout" [_thread_in_native, id=12028, stack(0x0000000045a00000,0x0000000045b00000)]
  0x0000000021e2b800 JavaThread "stderr" [_thread_in_native, id=7744, stack(0x0000000045900000,0x0000000045a00000)]
  0x0000000021e2b000 JavaThread "stdout" [_thread_in_native, id=13232, stack(0x0000000045800000,0x0000000045900000)]
  0x0000000021e21000 JavaThread "stderr" [_thread_in_native, id=6920, stack(0x0000000045700000,0x0000000045800000)]
  0x00000000225ed800 JavaThread "stdout" [_thread_in_native, id=3888, stack(0x0000000045600000,0x0000000045700000)]
  0x00000000225ed000 JavaThread "stderr" [_thread_in_native, id=9532, stack(0x0000000045500000,0x0000000045600000)]
  0x00000000225e4000 JavaThread "stdout" [_thread_in_native, id=8488, stack(0x0000000045400000,0x0000000045500000)]
  0x00000000225e9000 JavaThread "stderr" [_thread_in_native, id=10372, stack(0x0000000045300000,0x0000000045400000)]
  0x00000000225e7800 JavaThread "WorkerExecutor Queue Thread 12" [_thread_blocked, id=6648, stack(0x0000000044ed0000,0x0000000044fd0000)]
  0x00000000225e8800 JavaThread "WorkerExecutor Queue Thread 11" [_thread_blocked, id=3212, stack(0x0000000044dd0000,0x0000000044ed0000)]
  0x00000000225ea800 JavaThread "WorkerExecutor Queue Thread 10" [_thread_blocked, id=11856, stack(0x0000000044cd0000,0x0000000044dd0000)]
  0x00000000225df800 JavaThread "WorkerExecutor Queue Thread 9" [_thread_blocked, id=12656, stack(0x0000000044bd0000,0x0000000044cd0000)]
  0x00000000225e1000 JavaThread "pool-68-thread-1" [_thread_blocked, id=4076, stack(0x0000000044ad0000,0x0000000044bd0000)]
  0x00000000225e2800 JavaThread "WorkerExecutor Queue Thread 8" [_thread_blocked, id=1232, stack(0x00000000449d0000,0x0000000044ad0000)]
  0x00000000225e1800 JavaThread "WorkerExecutor Queue Thread 7" [_thread_blocked, id=13240, stack(0x00000000448d0000,0x00000000449d0000)]
  0x00000000225e6000 JavaThread "WorkerExecutor Queue Thread 6" [_thread_blocked, id=6540, stack(0x00000000447d0000,0x00000000448d0000)]
  0x0000000022c90000 JavaThread "WorkerExecutor Queue Thread 5" [_thread_blocked, id=2072, stack(0x00000000446d0000,0x00000000447d0000)]
  0x0000000022c94800 JavaThread "WorkerExecutor Queue Thread 4" [_thread_blocked, id=6208, stack(0x00000000445d0000,0x00000000446d0000)]
  0x0000000022c90800 JavaThread "WorkerExecutor Queue Thread 3" [_thread_blocked, id=11876, stack(0x00000000444d0000,0x00000000445d0000)]
  0x0000000022c92000 JavaThread "WorkerExecutor Queue Thread 2" [_thread_blocked, id=8924, stack(0x00000000443d0000,0x00000000444d0000)]
  0x0000000022c8f000 JavaThread "WorkerExecutor Queue" [_thread_blocked, id=8540, stack(0x00000000442d0000,0x00000000443d0000)]
  0x0000000022c89000 JavaThread "Cache worker for execution history cache (C:\Users\leonardo\AndroidStudioProjects\ChatFirebase\.gradle\6.5\executionHistory)" [_thread_blocked, id=3528, stack(0x00000000441d0000,0x00000000442d0000)]
  0x0000000022c87800 JavaThread "Execution worker for ':' Thread 15" [_thread_blocked, id=8920, stack(0x00000000440d0000,0x00000000441d0000)]
  0x0000000022c8e800 JavaThread "Execution worker for ':' Thread 14" [_thread_blocked, id=5684, stack(0x0000000043fd0000,0x00000000440d0000)]
  0x0000000022c8d800 JavaThread "Execution worker for ':' Thread 13" [_thread_blocked, id=12276, stack(0x0000000043ed0000,0x0000000043fd0000)]
  0x000000002283e800 JavaThread "Execution worker for ':' Thread 12" [_thread_blocked, id=10396, stack(0x0000000043dd0000,0x0000000043ed0000)]
  0x000000002283d800 JavaThread "Execution worker for ':' Thread 11" [_thread_blocked, id=5232, stack(0x0000000037440000,0x0000000037540000)]
  0x000000002283b800 JavaThread "Execution worker for ':' Thread 10" [_thread_blocked, id=2892, stack(0x00000000358c0000,0x00000000359c0000)]
  0x000000002283a800 JavaThread "Execution worker for ':' Thread 9" [_thread_blocked, id=12648, stack(0x00000000355a0000,0x00000000356a0000)]
  0x000000002283a000 JavaThread "Execution worker for ':' Thread 8" [_thread_blocked, id=4332, stack(0x00000000354a0000,0x00000000355a0000)]
  0x0000000022831800 JavaThread "Execution worker for ':' Thread 7" [_thread_blocked, id=5656, stack(0x00000000353a0000,0x00000000354a0000)]
  0x0000000022837800 JavaThread "Execution worker for ':' Thread 6" [_thread_blocked, id=7484, stack(0x00000000352a0000,0x00000000353a0000)]
  0x0000000022837000 JavaThread "Execution worker for ':' Thread 5" [_thread_blocked, id=10404, stack(0x00000000351a0000,0x00000000352a0000)]
  0x0000000022838800 JavaThread "Execution worker for ':' Thread 4" [_thread_blocked, id=11256, stack(0x0000000034a50000,0x0000000034b50000)]
  0x000000002282f800 JavaThread "Execution worker for ':' Thread 3" [_thread_blocked, id=6508, stack(0x0000000034950000,0x0000000034a50000)]
  0x0000000022831000 JavaThread "Execution worker for ':' Thread 2" [_thread_blocked, id=8208, stack(0x0000000034850000,0x0000000034950000)]
  0x0000000022836000 JavaThread "Execution worker for ':'" [_thread_blocked, id=3660, stack(0x0000000034550000,0x0000000034650000)]
  0x000000002282e800 JavaThread "Cache worker for file content cache (C:\Users\leonardo\AndroidStudioProjects\ChatFirebase\.gradle\6.5\fileContent)" [_thread_blocked, id=9728, stack(0x0000000034060000,0x0000000034160000)]
  0x0000000022835800 JavaThread "Cache worker for Build Output Cleanup Cache (C:\Users\leonardo\AndroidStudioProjects\ChatFirebase\.gradle\buildOutputCleanup)" [_thread_blocked, id=6780, stack(0x0000000033560000,0x0000000033660000)]
  0x0000000022834800 JavaThread "jar transforms Thread 1568" [_thread_blocked, id=3048, stack(0x0000000032f60000,0x0000000033060000)]
  0x0000000022830000 JavaThread "jar transforms Thread 1567" [_thread_blocked, id=10748, stack(0x00000000305f0000,0x00000000306f0000)]
  0x0000000027b20800 JavaThread "jar transforms Thread 1566" [_thread_blocked, id=13028, stack(0x00000000300b0000,0x00000000301b0000)]
  0x0000000027b1f800 JavaThread "jar transforms Thread 1565" [_thread_blocked, id=1884, stack(0x000000002e990000,0x000000002ea90000)]
  0x0000000027b23800 JavaThread "jar transforms Thread 1564" [_thread_blocked, id=6288, stack(0x000000002e690000,0x000000002e790000)]
  0x0000000027b26800 JavaThread "jar transforms Thread 1563" [_thread_blocked, id=9696, stack(0x000000002e590000,0x000000002e690000)]
  0x0000000027b23000 JavaThread "jar transforms Thread 1562" [_thread_blocked, id=3884, stack(0x000000002e490000,0x000000002e590000)]
  0x0000000027b26000 JavaThread "jar transforms Thread 1561" [_thread_blocked, id=5424, stack(0x000000002e390000,0x000000002e490000)]
  0x0000000027b22000 JavaThread "jar transforms Thread 1560" [_thread_blocked, id=9796, stack(0x000000002e290000,0x000000002e390000)]
  0x0000000027b25000 JavaThread "jar transforms Thread 1559" [_thread_blocked, id=11468, stack(0x000000002e000000,0x000000002e100000)]
  0x0000000027b21000 JavaThread "jar transforms Thread 1558" [_thread_blocked, id=1100, stack(0x000000002df00000,0x000000002e000000)]
  0x0000000027b24800 JavaThread "jar transforms Thread 1557" [_thread_blocked, id=7444, stack(0x000000002de00000,0x000000002df00000)]
  0x0000000027b1b000 JavaThread "jar transforms Thread 1556" [_thread_blocked, id=9220, stack(0x000000002dd00000,0x000000002de00000)]
  0x0000000027b18000 JavaThread "jar transforms Thread 1555" [_thread_blocked, id=8700, stack(0x000000002dc00000,0x000000002dd00000)]
  0x0000000027b1d800 JavaThread "jar transforms Thread 1554" [_thread_blocked, id=12516, stack(0x000000002db00000,0x000000002dc00000)]
  0x0000000027b1f000 JavaThread "jar transforms Thread 1553" [_thread_blocked, id=11908, stack(0x000000002da00000,0x000000002db00000)]
  0x0000000027b19800 JavaThread "jar transforms Thread 1552" [_thread_blocked, id=6092, stack(0x000000002d900000,0x000000002da00000)]
  0x0000000027b17800 JavaThread "jar transforms Thread 1551" [_thread_blocked, id=7040, stack(0x000000002d800000,0x000000002d900000)]
  0x0000000027b1a800 JavaThread "jar transforms Thread 1550" [_thread_blocked, id=11540, stack(0x000000002d700000,0x000000002d800000)]
  0x0000000027b19000 JavaThread "jar transforms Thread 1549" [_thread_blocked, id=10336, stack(0x000000002d600000,0x000000002d700000)]
  0x0000000027b1c000 JavaThread "jar transforms Thread 1548" [_thread_blocked, id=1932, stack(0x000000002d500000,0x000000002d600000)]
  0x0000000027b1c800 JavaThread "jar transforms Thread 1547" [_thread_blocked, id=10900, stack(0x000000002d400000,0x000000002d500000)]
  0x00000000365f3800 JavaThread "jar transforms Thread 1546" [_thread_blocked, id=1892, stack(0x000000002d300000,0x000000002d400000)]
  0x00000000365f0800 JavaThread "jar transforms Thread 1545" [_thread_blocked, id=2396, stack(0x000000002d200000,0x000000002d300000)]
  0x00000000365f2800 JavaThread "jar transforms Thread 1544" [_thread_blocked, id=10076, stack(0x000000002d100000,0x000000002d200000)]
  0x00000000365f1000 JavaThread "jar transforms Thread 1543" [_thread_blocked, id=5968, stack(0x000000002d000000,0x000000002d100000)]
  0x00000000365f5800 JavaThread "jar transforms Thread 1542" [_thread_blocked, id=5576, stack(0x000000002cf00000,0x000000002d000000)]
  0x00000000365f2000 JavaThread "jar transforms Thread 1541" [_thread_blocked, id=10424, stack(0x000000002ce00000,0x000000002cf00000)]
  0x00000000365f5000 JavaThread "jar transforms Thread 1540" [_thread_blocked, id=13264, stack(0x000000002cd00000,0x000000002ce00000)]
  0x00000000365f4000 JavaThread "jar transforms Thread 1539" [_thread_blocked, id=6328, stack(0x000000002cc00000,0x000000002cd00000)]
  0x00000000365e8800 JavaThread "jar transforms Thread 1538" [_thread_blocked, id=9928, stack(0x000000002cb00000,0x000000002cc00000)]
  0x00000000365ef800 JavaThread "jar transforms Thread 1537" [_thread_blocked, id=9368, stack(0x000000002ca00000,0x000000002cb00000)]
  0x00000000365e8000 JavaThread "jar transforms Thread 1536" [_thread_blocked, id=4328, stack(0x000000002c900000,0x000000002ca00000)]
  0x00000000365ee000 JavaThread "jar transforms Thread 1535" [_thread_blocked, id=11744, stack(0x000000002c800000,0x000000002c900000)]
  0x00000000365ef000 JavaThread "jar transforms Thread 1534" [_thread_blocked, id=3064, stack(0x000000002c700000,0x000000002c800000)]
  0x00000000365e6800 JavaThread "jar transforms Thread 1533" [_thread_blocked, id=12032, stack(0x000000002c600000,0x000000002c700000)]
  0x00000000365eb000 JavaThread "jar transforms Thread 1532" [_thread_blocked, id=12256, stack(0x000000002c500000,0x000000002c600000)]
  0x00000000365ea800 JavaThread "jar transforms Thread 1531" [_thread_blocked, id=4944, stack(0x000000002c400000,0x000000002c500000)]
  0x00000000365e9800 JavaThread "jar transforms Thread 1530" [_thread_blocked, id=4888, stack(0x000000002c300000,0x000000002c400000)]
  0x00000000365ed800 JavaThread "jar transforms Thread 1529" [_thread_blocked, id=12020, stack(0x000000002c200000,0x000000002c300000)]
  0x00000000365ec800 JavaThread "jar transforms Thread 1528" [_thread_blocked, id=9524, stack(0x000000002c100000,0x000000002c200000)]
  0x00000000365ec000 JavaThread "jar transforms Thread 1527" [_thread_blocked, id=13076, stack(0x000000002c000000,0x000000002c100000)]
  0x00000000237dc800 JavaThread "jar transforms Thread 1526" [_thread_blocked, id=5596, stack(0x000000002bf00000,0x000000002c000000)]
  0x00000000237dd000 JavaThread "jar transforms Thread 1525" [_thread_blocked, id=2776, stack(0x000000002be00000,0x000000002bf00000)]
  0x00000000237db800 JavaThread "jar transforms Thread 1524" [_thread_blocked, id=10576, stack(0x000000002bd00000,0x000000002be00000)]
  0x00000000237d9800 JavaThread "jar transforms Thread 1523" [_thread_blocked, id=800, stack(0x000000002bc00000,0x000000002bd00000)]
  0x00000000237d4000 JavaThread "jar transforms Thread 1522" [_thread_blocked, id=13220, stack(0x000000002bb00000,0x000000002bc00000)]
  0x00000000237d8800 JavaThread "jar transforms Thread 1521" [_thread_blocked, id=7360, stack(0x000000002ba00000,0x000000002bb00000)]
  0x00000000237db000 JavaThread "jar transforms Thread 1520" [_thread_blocked, id=7960, stack(0x000000002b900000,0x000000002ba00000)]
  0x00000000237d7000 JavaThread "jar transforms Thread 1519" [_thread_blocked, id=8492, stack(0x000000002b800000,0x000000002b900000)]
  0x00000000237d6800 JavaThread "jar transforms Thread 1518" [_thread_blocked, id=1028, stack(0x000000002b700000,0x000000002b800000)]
  0x00000000237d5800 JavaThread "jar transforms Thread 1517" [_thread_blocked, id=12328, stack(0x000000002b600000,0x000000002b700000)]
  0x00000000237d8000 JavaThread "jar transforms Thread 1516" [_thread_blocked, id=10540, stack(0x000000002b500000,0x000000002b600000)]
  0x00000000237da000 JavaThread "jar transforms Thread 1515" [_thread_blocked, id=544, stack(0x000000002b400000,0x000000002b500000)]
  0x00000000237cc800 JavaThread "jar transforms Thread 1514" [_thread_blocked, id=1628, stack(0x000000002b300000,0x000000002b400000)]
  0x00000000237d3800 JavaThread "jar transforms Thread 1513" [_thread_blocked, id=8236, stack(0x000000002b200000,0x000000002b300000)]
  0x00000000237d2800 JavaThread "jar transforms Thread 1512" [_thread_blocked, id=7964, stack(0x000000002b100000,0x000000002b200000)]
  0x00000000237d2000 JavaThread "jar transforms Thread 1511" [_thread_blocked, id=6776, stack(0x000000002b000000,0x000000002b100000)]
  0x00000000237d1000 JavaThread "jar transforms Thread 1510" [_thread_blocked, id=12580, stack(0x000000002af00000,0x000000002b000000)]
  0x00000000237cf800 JavaThread "jar transforms Thread 1509" [_thread_blocked, id=12088, stack(0x000000002ae00000,0x000000002af00000)]
  0x00000000237cd800 JavaThread "jar transforms Thread 1508" [_thread_blocked, id=6684, stack(0x000000002ad00000,0x000000002ae00000)]
  0x00000000237d0800 JavaThread "jar transforms Thread 1507" [_thread_blocked, id=11772, stack(0x000000002ac00000,0x000000002ad00000)]
  0x00000000237c9000 JavaThread "jar transforms Thread 1506" [_thread_blocked, id=4316, stack(0x000000002ab00000,0x000000002ac00000)]
  0x00000000237cc000 JavaThread "jar transforms Thread 1505" [_thread_blocked, id=10440, stack(0x000000002aa00000,0x000000002ab00000)]
  0x00000000237ce000 JavaThread "jar transforms Thread 1504" [_thread_blocked, id=3080, stack(0x000000002a900000,0x000000002aa00000)]
  0x00000000237cb000 JavaThread "jar transforms Thread 1503" [_thread_blocked, id=1312, stack(0x000000002a800000,0x000000002a900000)]
  0x00000000237cf000 JavaThread "jar transforms Thread 1502" [_thread_blocked, id=10064, stack(0x000000002a520000,0x000000002a620000)]
  0x00000000237bf800 JavaThread "jar transforms Thread 1501" [_thread_blocked, id=8944, stack(0x000000002a420000,0x000000002a520000)]
  0x00000000237c6800 JavaThread "jar transforms Thread 1500" [_thread_blocked, id=2956, stack(0x000000002a320000,0x000000002a420000)]
  0x00000000237c6000 JavaThread "jar transforms Thread 1499" [_thread_blocked, id=5904, stack(0x000000002a220000,0x000000002a320000)]
  0x00000000237be000 JavaThread "jar transforms Thread 1498" [_thread_blocked, id=4820, stack(0x000000002a120000,0x000000002a220000)]
  0x00000000237c5000 JavaThread "jar transforms Thread 1497" [_thread_blocked, id=11924, stack(0x000000002a020000,0x000000002a120000)]
  0x00000000237c3800 JavaThread "jar transforms Thread 1496" [_thread_blocked, id=11784, stack(0x0000000029f20000,0x000000002a020000)]
  0x00000000237c0800 JavaThread "jar transforms Thread 1495" [_thread_blocked, id=8532, stack(0x0000000029e20000,0x0000000029f20000)]
  0x00000000237c4800 JavaThread "jar transforms Thread 1494" [_thread_blocked, id=6804, stack(0x0000000029d20000,0x0000000029e20000)]
  0x000000003f779000 JavaThread "jar transforms Thread 1493" [_thread_blocked, id=9024, stack(0x0000000029c20000,0x0000000029d20000)]
  0x000000003f778000 JavaThread "jar transforms Thread 1492" [_thread_blocked, id=3224, stack(0x0000000029b20000,0x0000000029c20000)]
  0x000000003f777800 JavaThread "jar transforms Thread 1491" [_thread_blocked, id=2024, stack(0x0000000029a20000,0x0000000029b20000)]
  0x000000003f776800 JavaThread "jar transforms Thread 1490" [_thread_blocked, id=1700, stack(0x0000000029920000,0x0000000029a20000)]
  0x000000003f776000 JavaThread "jar transforms Thread 1489" [_thread_blocked, id=7616, stack(0x0000000029820000,0x0000000029920000)]
  0x000000003f76f800 JavaThread "jar transforms Thread 1488" [_thread_blocked, id=6756, stack(0x0000000029720000,0x0000000029820000)]
  0x000000003f772000 JavaThread "jar transforms Thread 1487" [_thread_blocked, id=7152, stack(0x0000000029220000,0x0000000029320000)]
  0x000000003f76f000 JavaThread "jar transforms Thread 1486" [_thread_blocked, id=6188, stack(0x0000000029120000,0x0000000029220000)]
  0x000000003f771000 JavaThread "jar transforms Thread 1485" [_thread_blocked, id=10608, stack(0x0000000029020000,0x0000000029120000)]
  0x000000003f770800 JavaThread "jar transforms Thread 1484" [_thread_blocked, id=6304, stack(0x00000000262b0000,0x00000000263b0000)]
  0x000000003f76e000 JavaThread "jar transforms Thread 1483" [_thread_blocked, id=8828, stack(0x00000000259b0000,0x0000000025ab0000)]
  0x000000003f775000 JavaThread "jar transforms Thread 1482" [_thread_blocked, id=12736, stack(0x00000000258b0000,0x00000000259b0000)]
  0x000000003f774000 JavaThread "jar transforms Thread 1481" [_thread_blocked, id=6112, stack(0x00000000257b0000,0x00000000258b0000)]
  0x000000003f773800 JavaThread "jar transforms Thread 1480" [_thread_blocked, id=12248, stack(0x00000000254b0000,0x00000000255b0000)]
  0x000000003f766800 JavaThread "jar transforms Thread 1479" [_thread_blocked, id=6300, stack(0x00000000253b0000,0x00000000254b0000)]
  0x000000003f768000 JavaThread "jar transforms Thread 1478" [_thread_blocked, id=3928, stack(0x00000000252b0000,0x00000000253b0000)]
  0x000000003f76d800 JavaThread "jar transforms Thread 1477" [_thread_blocked, id=5908, stack(0x00000000251b0000,0x00000000252b0000)]
  0x000000003f766000 JavaThread "jar transforms Thread 1476" [_thread_blocked, id=10620, stack(0x00000000250b0000,0x00000000251b0000)]
  0x000000003f76c800 JavaThread "jar transforms Thread 1475" [_thread_blocked, id=10340, stack(0x0000000024fb0000,0x00000000250b0000)]
  0x000000003f769800 JavaThread "Build operations Thread 16" [_thread_blocked, id=8544, stack(0x0000000024db0000,0x0000000024eb0000)]
  0x000000003f765000 JavaThread "Build operations Thread 15" [_thread_in_Java, id=5136, stack(0x0000000024cb0000,0x0000000024db0000)]
  0x000000003f76c000 JavaThread "Build operations Thread 14" [_thread_in_Java, id=5376, stack(0x0000000024bb0000,0x0000000024cb0000)]
  0x000000003f76b000 JavaThread "Build operations Thread 13" [_thread_in_vm, id=10548, stack(0x0000000024ab0000,0x0000000024bb0000)]
  0x000000003f763800 JavaThread "Build operations Thread 12" [_thread_blocked, id=11952, stack(0x00000000249b0000,0x0000000024ab0000)]
  0x000000003f769000 JavaThread "Build operations Thread 11" [_thread_blocked, id=11880, stack(0x00000000248b0000,0x00000000249b0000)]
  0x000000003f764800 JavaThread "Build operations Thread 10" [_thread_blocked, id=12624, stack(0x00000000247b0000,0x00000000248b0000)]
  0x000000003f767800 JavaThread "Build operations Thread 9" [_thread_blocked, id=1624, stack(0x00000000246b0000,0x00000000247b0000)]
  0x000000003f75c000 JavaThread "Build operations Thread 8" [_thread_in_Java, id=1140, stack(0x00000000245b0000,0x00000000246b0000)]
  0x000000003f763000 JavaThread "Build operations Thread 7" [_thread_in_Java, id=8384, stack(0x00000000244b0000,0x00000000245b0000)]
  0x000000003f75b800 JavaThread "Build operations Thread 6" [_thread_blocked, id=848, stack(0x00000000243b0000,0x00000000244b0000)]
  0x000000003f75a800 JavaThread "Build operations Thread 5" [_thread_blocked, id=7780, stack(0x00000000242b0000,0x00000000243b0000)]
  0x000000003f761800 JavaThread "Build operations Thread 4" [_thread_blocked, id=9424, stack(0x00000000241b0000,0x00000000242b0000)]
  0x000000003f75e800 JavaThread "Build operations Thread 3" [_thread_blocked, id=12420, stack(0x00000000240b0000,0x00000000241b0000)]
  0x000000003f75d800 JavaThread "Build operations Thread 2" [_thread_in_Java, id=1852, stack(0x0000000023fb0000,0x00000000240b0000)]
  0x000000003f75d000 JavaThread "Build operations" [_thread_in_Java, id=6116, stack(0x0000000023eb0000,0x0000000023fb0000)]
  0x000000003f75f000 JavaThread "Cache worker for cache directory md-rule (C:\Users\leonardo\.gradle\caches\6.5\md-rule)" [_thread_blocked, id=10412, stack(0x0000000023db0000,0x0000000023eb0000)]
  0x000000003f760800 JavaThread "Cache worker for cache directory md-supplier (C:\Users\leonardo\.gradle\caches\6.5\md-supplier)" [_thread_blocked, id=12140, stack(0x0000000023bb0000,0x0000000023cb0000)]
  0x00000000222cf800 JavaThread "Cache worker for checksums cache (C:\Users\leonardo\AndroidStudioProjects\ChatFirebase\.gradle\checksums)" [_thread_blocked, id=5960, stack(0x00000000216c0000,0x00000000217c0000)]
  0x00000000222d6800 JavaThread "Cache worker for file hash cache (C:\Users\leonardo\AndroidStudioProjects\ChatFirebase\.gradle\6.5\fileHashes)" [_thread_blocked, id=12892, stack(0x00000000200f0000,0x00000000201f0000)]
  0x00000000222d5000 JavaThread "Thread-3021" [_thread_blocked, id=3728, stack(0x000000001fbf0000,0x000000001fcf0000)]
  0x00000000222d4000 JavaThread "Stdin handler" [_thread_blocked, id=1704, stack(0x000000001faf0000,0x000000001fbf0000)]
  0x00000000222cc000 JavaThread "Asynchronous log dispatcher for DefaultDaemonConnection: socket connection from /127.0.0.1:51689 to /127.0.0.1:53789" [_thread_blocked, id=12708, stack(0x000000001f490000,0x000000001f590000)]
  0x00000000222d2800 JavaThread "Daemon worker Thread 17" [_thread_blocked, id=10560, stack(0x000000001f390000,0x000000001f490000)]
  0x00000000222d1000 JavaThread "Cancel handler" [_thread_blocked, id=11728, stack(0x0000000000e60000,0x0000000000f60000)]
  0x00000000222ce000 JavaThread "Handler for socket connection from /127.0.0.1:51689 to /127.0.0.1:53789" [_thread_in_native, id=5760, stack(0x0000000000d60000,0x0000000000e60000)]
  0x00000000222cd800 JavaThread "Daemon Thread 17" [_thread_blocked, id=11460, stack(0x0000000000c60000,0x0000000000d60000)]
  0x00000000237ca800 JavaThread "Cache worker for Java compile cache (C:\Users\leonardo\.gradle\caches\6.5\javaCompile)" [_thread_blocked, id=12472, stack(0x0000000033860000,0x0000000033960000)]
  0x00000000225ec000 JavaThread "MarlinRenderer Disposer" daemon [_thread_blocked, id=11720, stack(0x0000000034170000,0x0000000034270000)]
  0x00000000225eb800 JavaThread "Java2D Disposer" daemon [_thread_blocked, id=7500, stack(0x0000000033b60000,0x0000000033c60000)]
  0x00000000222c7800 JavaThread "Memory manager" [_thread_blocked, id=5668, stack(0x000000002a700000,0x000000002a800000)]
  0x0000000021e22000 JavaThread "Cache worker for file content cache (C:\Users\leonardo\.gradle\caches\6.5\fileContent)" [_thread_blocked, id=12832, stack(0x00000000261b0000,0x00000000262b0000)]
  0x0000000021e20800 JavaThread "Cache worker for execution history cache (C:\Users\leonardo\.gradle\caches\6.5\executionHistory)" [_thread_blocked, id=3524, stack(0x0000000025cb0000,0x0000000025db0000)]
  0x0000000019c0d800 JavaThread "Cache worker for file hash cache (C:\Users\leonardo\.gradle\caches\6.5\fileHashes)" [_thread_blocked, id=11824, stack(0x00000000215c0000,0x00000000216c0000)]
  0x0000000019c13000 JavaThread "File lock request listener" [_thread_in_native, id=9844, stack(0x00000000204f0000,0x00000000205f0000)]
  0x000000001e3f5800 JavaThread "Cache worker for journal cache (C:\Users\leonardo\.gradle\caches\journal-1)" [_thread_blocked, id=12840, stack(0x00000000203f0000,0x00000000204f0000)]
  0x000000001e2c5000 JavaThread "Daemon periodic checks" [_thread_blocked, id=1248, stack(0x000000001f7f0000,0x000000001f8f0000)]
  0x000000001e26e800 JavaThread "Incoming local TCP Connector on port 51689" [_thread_in_native, id=12304, stack(0x000000001f590000,0x000000001f690000)]
  0x000000001e210800 JavaThread "Daemon health stats" [_thread_blocked, id=12380, stack(0x000000001ef50000,0x000000001f050000)]
  0x0000000019c28000 JavaThread "Service Thread" daemon [_thread_blocked, id=12284, stack(0x000000001c3b0000,0x000000001c4b0000)]
  0x0000000019c11800 JavaThread "C1 CompilerThread11" daemon [_thread_blocked, id=2972, stack(0x000000001c2b0000,0x000000001c3b0000)]
  0x0000000019c12800 JavaThread "C1 CompilerThread10" daemon [_thread_blocked, id=9344, stack(0x000000001c1b0000,0x000000001c2b0000)]
  0x0000000019bf1000 JavaThread "C1 CompilerThread9" daemon [_thread_blocked, id=8044, stack(0x000000001c0b0000,0x000000001c1b0000)]
  0x0000000019bd4000 JavaThread "C1 CompilerThread8" daemon [_thread_in_vm, id=2864, stack(0x000000001bfb0000,0x000000001c0b0000)]
  0x0000000019bb4800 JavaThread "C2 CompilerThread7" daemon [_thread_in_native, id=11388, stack(0x000000001beb0000,0x000000001bfb0000)]
  0x0000000019b9c000 JavaThread "C2 CompilerThread6" daemon [_thread_in_native, id=3732, stack(0x000000001bdb0000,0x000000001beb0000)]
  0x0000000019b99000 JavaThread "C2 CompilerThread5" daemon [_thread_in_native, id=13216, stack(0x000000001bcb0000,0x000000001bdb0000)]
  0x0000000019b74800 JavaThread "C2 CompilerThread4" daemon [_thread_in_native, id=6564, stack(0x000000001bbb0000,0x000000001bcb0000)]
  0x0000000019b6b800 JavaThread "C2 CompilerThread3" daemon [_thread_in_native, id=9160, stack(0x000000001bab0000,0x000000001bbb0000)]
  0x0000000019b68000 JavaThread "C2 CompilerThread2" daemon [_thread_in_native, id=1292, stack(0x000000001b9b0000,0x000000001bab0000)]
=>0x0000000019b63000 JavaThread "C2 CompilerThread1" daemon [_thread_in_native, id=13120, stack(0x000000001b8b0000,0x000000001b9b0000)]
  0x0000000019b60800 JavaThread "C2 CompilerThread0" daemon [_thread_in_native, id=9888, stack(0x000000001b7b0000,0x000000001b8b0000)]
  0x0000000019b60000 JavaThread "Attach Listener" daemon [_thread_blocked, id=9364, stack(0x000000001b6b0000,0x000000001b7b0000)]
  0x0000000019b5d000 JavaThread "Signal Dispatcher" daemon [_thread_blocked, id=9468, stack(0x000000001b5b0000,0x000000001b6b0000)]
  0x00000000180e1800 JavaThread "Finalizer" daemon [_thread_blocked, id=8836, stack(0x000000001b3a0000,0x000000001b4a0000)]
  0x0000000019b46000 JavaThread "Reference Handler" daemon [_thread_blocked, id=9632, stack(0x000000001b2a0000,0x000000001b3a0000)]
  0x000000000296e000 JavaThread "main" [_thread_blocked, id=1128, stack(0x0000000002970000,0x0000000002a70000)]

Other Threads:
  0x0000000019b21800 VMThread [stack: 0x000000001b1a0000,0x000000001b2a0000] [id=10556]
  0x0000000019c2b000 WatcherThread [stack: 0x000000001c4b0000,0x000000001c5b0000] [id=12724]

VM state:not at safepoint (normal execution)

VM Mutex/Monitor currently owned by a thread: None

heap address: 0x0000000080000000, size: 2048 MB, Compressed Oops mode: 32-bit
Narrow klass base: 0x0000000000000000, Narrow klass shift: 3
Compressed class space size: 1073741824 Address: 0x0000000100000000

Heap:
 PSYoungGen      total 429056K, used 213185K [0x00000000d5580000, 0x00000000f8f80000, 0x0000000100000000)
  eden space 363520K, 40% used [0x00000000d5580000,0x00000000de5b7100,0x00000000eb880000)
  from space 65536K, 99% used [0x00000000eb880000,0x00000000ef8796e0,0x00000000ef880000)
  to   space 87040K, 0% used [0x00000000f3a80000,0x00000000f3a80000,0x00000000f8f80000)
 ParOldGen       total 525312K, used 186882K [0x0000000080000000, 0x00000000a0100000, 0x00000000d5580000)
  object space 525312K, 35% used [0x0000000080000000,0x000000008b680ae0,0x00000000a0100000)
 Metaspace       used 161779K, capacity 174054K, committed 174272K, reserved 1200128K
  class space    used 20728K, capacity 22895K, committed 23040K, reserved 1048576K

Card table byte_map: [0x0000000011f30000,0x0000000012340000] byte_map_base: 0x0000000011b30000

Marking Bits: (ParMarkBitMap*) 0x00000000743bf030
 Begin Bits: [0x00000000132f0000, 0x00000000152f0000)
 End Bits:   [0x00000000152f0000, 0x00000000172f0000)

Polling page: 0x0000000001010000

CodeCache: size=245760Kb used=113608Kb max_used=113859Kb free=132151Kb
 bounds [0x0000000002b70000, 0x0000000009b70000, 0x0000000011b70000]
 total_blobs=32870 nmethods=31799 adapters=975
 compilation: enabled

Compilation events (10 events):
Event: 6136.433 Thread 0x0000000019c11800 nmethod 41466 0x000000000461c110 code [0x000000000461c260, 0x000000000461c370]
Event: 6136.433 Thread 0x0000000019c11800 42317       2       com.android.tools.r8.s.b.b0::a (64 bytes)
Event: 6136.433 Thread 0x0000000019c11800 nmethod 42317 0x0000000009b40950 code [0x0000000009b40aa0, 0x0000000009b40c90]
Event: 6136.433 Thread 0x0000000019c11800 41495       1       com.android.tools.r8.s.b.y::k1 (2 bytes)
Event: 6136.433 Thread 0x0000000019c11800 nmethod 41495 0x0000000004708110 code [0x0000000004708260, 0x0000000004708370]
Event: 6136.433 Thread 0x0000000019c11800 42309       3       com.android.tools.r8.s.b.g::a (4 bytes)
Event: 6136.433 Thread 0x0000000019c11800 nmethod 42309 0x0000000009b40590 code [0x0000000009b40700, 0x0000000009b408b0]
Event: 6136.433 Thread 0x0000000019c11800 41499       1       com.android.tools.r8.s.b.h0::T0 (2 bytes)
Event: 6136.434 Thread 0x0000000019c11800 nmethod 41499 0x0000000009b402d0 code [0x0000000009b40420, 0x0000000009b40530]
Event: 6136.434 Thread 0x0000000019c11800 41673       1       com.android.tools.r8.s.b.p0::H2 (4 bytes)

GC Heap History (10 events):
Event: 6052.442 GC heap before
{Heap before GC invocations=52 (full 4):
 PSYoungGen      total 401920K, used 376737K [0x00000000d5580000, 0x00000000f2900000, 0x0000000100000000)
  eden space 363008K, 93% used [0x00000000d5580000,0x00000000e9f97d88,0x00000000eb800000)
  from space 38912K, 99% used [0x00000000ec280000,0x00000000ee8506d0,0x00000000ee880000)
  to   space 57856K, 0% used [0x00000000ef080000,0x00000000ef080000,0x00000000f2900000)
 ParOldGen       total 356352K, used 298473K [0x0000000080000000, 0x0000000095c00000, 0x00000000d5580000)
  object space 356352K, 83% used [0x0000000080000000,0x000000009237a668,0x0000000095c00000)
 Metaspace       used 152100K, capacity 164082K, committed 164160K, reserved 1191936K
  class space    used 19568K, capacity 21691K, committed 21760K, reserved 1048576K
Event: 6052.468 GC heap after
Heap after GC invocations=52 (full 4):
 PSYoungGen      total 410624K, used 57841K [0x00000000d5580000, 0x00000000f3100000, 0x0000000100000000)
  eden space 352768K, 0% used [0x00000000d5580000,0x00000000d5580000,0x00000000eae00000)
  from space 57856K, 99% used [0x00000000ef080000,0x00000000f28fc640,0x00000000f2900000)
  to   space 67072K, 0% used [0x00000000eae00000,0x00000000eae00000,0x00000000eef80000)
 ParOldGen       total 356352K, used 301415K [0x0000000080000000, 0x0000000095c00000, 0x00000000d5580000)
  object space 356352K, 84% used [0x0000000080000000,0x0000000092659f90,0x0000000095c00000)
 Metaspace       used 152100K, capacity 164082K, committed 164160K, reserved 1191936K
  class space    used 19568K, capacity 21691K, committed 21760K, reserved 1048576K
}
Event: 6052.468 GC heap before
{Heap before GC invocations=53 (full 5):
 PSYoungGen      total 410624K, used 57841K [0x00000000d5580000, 0x00000000f3100000, 0x0000000100000000)
  eden space 352768K, 0% used [0x00000000d5580000,0x00000000d5580000,0x00000000eae00000)
  from space 57856K, 99% used [0x00000000ef080000,0x00000000f28fc640,0x00000000f2900000)
  to   space 67072K, 0% used [0x00000000eae00000,0x00000000eae00000,0x00000000eef80000)
 ParOldGen       total 356352K, used 301415K [0x0000000080000000, 0x0000000095c00000, 0x00000000d5580000)
  object space 356352K, 84% used [0x0000000080000000,0x0000000092659f90,0x0000000095c00000)
 Metaspace       used 152100K, capacity 164082K, committed 164160K, reserved 1191936K
  class space    used 19568K, capacity 21691K, committed 21760K, reserved 1048576K
Event: 6052.895 GC heap after
Heap after GC invocations=53 (full 5):
 PSYoungGen      total 410624K, used 0K [0x00000000d5580000, 0x00000000f3100000, 0x0000000100000000)
  eden space 352768K, 0% used [0x00000000d5580000,0x00000000d5580000,0x00000000eae00000)
  from space 57856K, 0% used [0x00000000ef080000,0x00000000ef080000,0x00000000f2900000)
  to   space 67072K, 0% used [0x00000000eae00000,0x00000000eae00000,0x00000000eef80000)
 ParOldGen       total 525312K, used 155365K [0x0000000080000000, 0x00000000a0100000, 0x00000000d5580000)
  object space 525312K, 29% used [0x0000000080000000,0x00000000897b9760,0x00000000a0100000)
 Metaspace       used 148978K, capacity 159330K, committed 164160K, reserved 1191936K
  class space    used 18989K, capacity 20853K, committed 21760K, reserved 1048576K
}
Event: 6134.554 GC heap before
{Heap before GC invocations=54 (full 5):
 PSYoungGen      total 410624K, used 352760K [0x00000000d5580000, 0x00000000f3100000, 0x0000000100000000)
  eden space 352768K, 99% used [0x00000000d5580000,0x00000000eadfe3b0,0x00000000eae00000)
  from space 57856K, 0% used [0x00000000ef080000,0x00000000ef080000,0x00000000f2900000)
  to   space 67072K, 0% used [0x00000000eae00000,0x00000000eae00000,0x00000000eef80000)
 ParOldGen       total 525312K, used 155365K [0x0000000080000000, 0x00000000a0100000, 0x00000000d5580000)
  object space 525312K, 29% used [0x0000000080000000,0x00000000897b9760,0x00000000a0100000)
 Metaspace       used 153027K, capacity 163552K, committed 165952K, reserved 1193984K
  class space    used 19401K, capacity 21318K, committed 21888K, reserved 1048576K
Event: 6134.564 GC heap after
Heap after GC invocations=54 (full 5):
 PSYoungGen      total 419840K, used 16362K [0x00000000d5580000, 0x00000000f3900000, 0x0000000100000000)
  eden space 352768K, 0% used [0x00000000d5580000,0x00000000d5580000,0x00000000eae00000)
  from space 67072K, 24% used [0x00000000eae00000,0x00000000ebdfaa60,0x00000000eef80000)
  to   space 66048K, 0% used [0x00000000ef880000,0x00000000ef880000,0x00000000f3900000)
 ParOldGen       total 525312K, used 155373K [0x0000000080000000, 0x00000000a0100000, 0x00000000d5580000)
  object space 525312K, 29% used [0x0000000080000000,0x00000000897bb760,0x00000000a0100000)
 Metaspace       used 153027K, capacity 163552K, committed 165952K, reserved 1193984K
  class space    used 19401K, capacity 21318K, committed 21888K, reserved 1048576K
}
Event: 6135.263 GC heap before
{Heap before GC invocations=55 (full 5):
 PSYoungGen      total 419840K, used 369130K [0x00000000d5580000, 0x00000000f3900000, 0x0000000100000000)
  eden space 352768K, 100% used [0x00000000d5580000,0x00000000eae00000,0x00000000eae00000)
  from space 67072K, 24% used [0x00000000eae00000,0x00000000ebdfaa60,0x00000000eef80000)
  to   space 66048K, 0% used [0x00000000ef880000,0x00000000ef880000,0x00000000f3900000)
 ParOldGen       total 525312K, used 155373K [0x0000000080000000, 0x00000000a0100000, 0x00000000d5580000)
  object space 525312K, 29% used [0x0000000080000000,0x00000000897bb760,0x00000000a0100000)
 Metaspace       used 154874K, capacity 165646K, committed 167744K, reserved 1196032K
  class space    used 19686K, capacity 21643K, committed 22144K, reserved 1048576K
Event: 6135.277 GC heap after
Heap after GC invocations=55 (full 5):
 PSYoungGen      total 429568K, used 38063K [0x00000000d5580000, 0x00000000f4380000, 0x0000000100000000)
  eden space 363520K, 0% used [0x00000000d5580000,0x00000000d5580000,0x00000000eb880000)
  from space 66048K, 57% used [0x00000000ef880000,0x00000000f1dabc18,0x00000000f3900000)
  to   space 65536K, 0% used [0x00000000eb880000,0x00000000eb880000,0x00000000ef880000)
 ParOldGen       total 525312K, used 155381K [0x0000000080000000, 0x00000000a0100000, 0x00000000d5580000)
  object space 525312K, 29% used [0x0000000080000000,0x00000000897bd760,0x00000000a0100000)
 Metaspace       used 154874K, capacity 165646K, committed 167744K, reserved 1196032K
  class space    used 19686K, capacity 21643K, committed 22144K, reserved 1048576K
}
Event: 6135.995 GC heap before
{Heap before GC invocations=56 (full 5):
 PSYoungGen      total 429568K, used 401583K [0x00000000d5580000, 0x00000000f4380000, 0x0000000100000000)
  eden space 363520K, 100% used [0x00000000d5580000,0x00000000eb880000,0x00000000eb880000)
  from space 66048K, 57% used [0x00000000ef880000,0x00000000f1dabc18,0x00000000f3900000)
  to   space 65536K, 0% used [0x00000000eb880000,0x00000000eb880000,0x00000000ef880000)
 ParOldGen       total 525312K, used 155381K [0x0000000080000000, 0x00000000a0100000, 0x00000000d5580000)
  object space 525312K, 29% used [0x0000000080000000,0x00000000897bd760,0x00000000a0100000)
 Metaspace       used 160280K, capacity 172418K, committed 172864K, reserved 1200128K
  class space    used 20591K, capacity 22753K, committed 22912K, reserved 1048576K
Event: 6136.055 GC heap after
Heap after GC invocations=56 (full 5):
 PSYoungGen      total 429056K, used 65509K [0x00000000d5580000, 0x00000000f8f80000, 0x0000000100000000)
  eden space 363520K, 0% used [0x00000000d5580000,0x00000000d5580000,0x00000000eb880000)
  from space 65536K, 99% used [0x00000000eb880000,0x00000000ef8796e0,0x00000000ef880000)
  to   space 87040K, 0% used [0x00000000f3a80000,0x00000000f3a80000,0x00000000f8f80000)
 ParOldGen       total 525312K, used 186882K [0x0000000080000000, 0x00000000a0100000, 0x00000000d5580000)
  object space 525312K, 35% used [0x0000000080000000,0x000000008b680ae0,0x00000000a0100000)
 Metaspace       used 160280K, capacity 172418K, committed 172864K, reserved 1200128K
  class space    used 20591K, capacity 22753K, committed 22912K, reserved 1048576K
}

Deoptimization events (10 events):
Event: 6136.316 Thread 0x000000003f765000 Uncommon trap: reason=unstable_if action=reinterpret pc=0x00000000044d758c method=com.android.tools.r8.ir.regalloc.h.a(II)V @ 8
Event: 6136.335 Thread 0x000000003f75c000 Uncommon trap: reason=class_check action=maybe_recompile pc=0x0000000009a39f2c method=com.android.tools.r8.s.a.h.e.b(Lcom/android/tools/r8/s/b/k0;)V @ 236
Event: 6136.336 Thread 0x000000003f75c000 Uncommon trap: reason=bimorphic action=maybe_recompile pc=0x0000000009a3a7d8 method=com.android.tools.r8.s.a.h.e.b(Lcom/android/tools/r8/s/b/k0;)V @ 43
Event: 6136.391 Thread 0x000000003f769800 Uncommon trap: reason=unstable_if action=reinterpret pc=0x00000000099db92c method=com.android.tools.r8.s.b.W0.equals(Ljava/lang/Object;)Z @ 60
Event: 6136.411 Thread 0x000000003f765000 Uncommon trap: reason=class_check action=maybe_recompile pc=0x00000000068d813c method=com.android.tools.r8.s.b.l0.d()Lcom/android/tools/r8/s/b/k0; @ 3
Event: 6136.411 Thread 0x000000003f765000 Uncommon trap: reason=class_check action=maybe_recompile pc=0x00000000068d813c method=com.android.tools.r8.s.b.l0.d()Lcom/android/tools/r8/s/b/k0; @ 3
Event: 6136.411 Thread 0x000000003f765000 Uncommon trap: reason=class_check action=maybe_recompile pc=0x00000000068d813c method=com.android.tools.r8.s.b.l0.d()Lcom/android/tools/r8/s/b/k0; @ 3
Event: 6136.420 Thread 0x000000003f76c000 Uncommon trap: reason=class_check action=maybe_recompile pc=0x0000000009a39f2c method=com.android.tools.r8.s.a.h.e.b(Lcom/android/tools/r8/s/b/k0;)V @ 236
Event: 6136.420 Thread 0x000000003f76c000 Uncommon trap: reason=bimorphic action=maybe_recompile pc=0x0000000009a3a7d8 method=com.android.tools.r8.s.a.h.e.b(Lcom/android/tools/r8/s/b/k0;)V @ 43
Event: 6136.426 Thread 0x000000003f75d800 Uncommon trap: reason=class_check action=maybe_recompile pc=0x00000000068d813c method=com.android.tools.r8.s.b.l0.d()Lcom/android/tools/r8/s/b/k0; @ 3

Classes redefined (0 events):
No events

Internal exceptions (10 events):
Event: 6135.591 Thread 0x000000003f75d800 Exception <a 'sun/nio/fs/WindowsException'> (0x00000000e1ba77b0) thrown at [C:\src\AOSP-openjdk-git\hotspot\src\share\vm\prims\jni.cpp, line 710]
Event: 6135.600 Thread 0x000000003f761800 Exception <a 'sun/nio/fs/WindowsException'> (0x00000000e253d6e8) thrown at [C:\src\AOSP-openjdk-git\hotspot\src\share\vm\prims\jni.cpp, line 710]
Event: 6135.602 Thread 0x000000003f769800 Exception <a 'sun/nio/fs/WindowsException'> (0x00000000e287f238) thrown at [C:\src\AOSP-openjdk-git\hotspot\src\share\vm\prims\jni.cpp, line 710]
Event: 6135.612 Thread 0x000000003f75b800 Exception <a 'sun/nio/fs/WindowsException'> (0x00000000e32700b8) thrown at [C:\src\AOSP-openjdk-git\hotspot\src\share\vm\prims\jni.cpp, line 710]
Event: 6135.627 Thread 0x000000003f76b000 Exception <a 'sun/nio/fs/WindowsException'> (0x00000000e3e9aac8) thrown at [C:\src\AOSP-openjdk-git\hotspot\src\share\vm\prims\jni.cpp, line 710]
Event: 6135.633 Thread 0x000000003f765000 Exception <a 'sun/nio/fs/WindowsException'> (0x00000000e4645f58) thrown at [C:\src\AOSP-openjdk-git\hotspot\src\share\vm\prims\jni.cpp, line 710]
Event: 6135.633 Thread 0x000000003f763000 Exception <a 'sun/nio/fs/WindowsException'> (0x00000000e46c7d38) thrown at [C:\src\AOSP-openjdk-git\hotspot\src\share\vm\prims\jni.cpp, line 710]
Event: 6135.660 Thread 0x000000003f76c000 Exception <a 'sun/nio/fs/WindowsException'> (0x00000000e608be88) thrown at [C:\src\AOSP-openjdk-git\hotspot\src\share\vm\prims\jni.cpp, line 710]
Event: 6135.702 Thread 0x000000003f769000 Exception <a 'sun/nio/fs/WindowsException'> (0x00000000e8042eb8) thrown at [C:\src\AOSP-openjdk-git\hotspot\src\share\vm\prims\jni.cpp, line 710]
Event: 6135.845 Thread 0x000000003f769000 Exception <a 'java/lang/NoSuchMethodError': java.lang.Object.b(Lcom/android/tools/r8/graph/p1$b;)Lcom/android/tools/r8/graph/p1$b;> (0x00000000e9a9f580) thrown at [C:\src\AOSP-openjdk-git\hotspot\src\share\vm\interpreter\linkResolver.cpp, line 620]

Events (10 events):
Event: 6136.432 loading class com/android/tools/r8/q/a/b/l/g/p done
Event: 6136.433 loading class com/android/tools/r8/q/a/b/l/g/q
Event: 6136.433 loading class com/android/tools/r8/q/a/b/l/g/q done
Event: 6136.433 Thread 0x0000000019c12800 flushing nmethod 0x0000000004708110
Event: 6136.433 loading class com/android/tools/r8/code/S3
Event: 6136.433 loading class com/android/tools/r8/code/S3 done
Event: 6136.433 loading class com/android/tools/r8/q/a/b/l/g/r
Event: 6136.433 loading class com/android/tools/r8/q/a/b/l/g/r done
Event: 6136.433 loading class com/android/tools/r8/code/T3
Event: 6136.433 loading class com/android/tools/r8/code/T3 done


Dynamic libraries:
0x00007ff7f14d0000 - 0x00007ff7f1501000 	C:\Program Files\Android\Android Studio\jre\bin\java.exe
0x00007ffb02990000 - 0x00007ffb02b85000 	C:\Windows\SYSTEM32\ntdll.dll
0x00007ffb022a0000 - 0x00007ffb0235d000 	C:\Windows\System32\KERNEL32.DLL
0x00007ffb00380000 - 0x00007ffb00649000 	C:\Windows\System32\KERNELBASE.dll
0x00007ffafd980000 - 0x00007ffafda10000 	C:\Windows\SYSTEM32\apphelp.dll
0x00007ffb020c0000 - 0x00007ffb0216c000 	C:\Windows\System32\ADVAPI32.dll
0x00007ffb01b90000 - 0x00007ffb01c2e000 	C:\Windows\System32\msvcrt.dll
0x00007ffb01dd0000 - 0x00007ffb01e6c000 	C:\Windows\System32\sechost.dll
0x00007ffb01f90000 - 0x00007ffb020bb000 	C:\Windows\System32\RPCRT4.dll
0x00007ffb01c30000 - 0x00007ffb01dd0000 	C:\Windows\System32\USER32.dll
0x00007ffb00320000 - 0x00007ffb00342000 	C:\Windows\System32\win32u.dll
0x00007ffb02830000 - 0x00007ffb0285a000 	C:\Windows\System32\GDI32.dll
0x00007ffb006b0000 - 0x00007ffb007bb000 	C:\Windows\System32\gdi32full.dll
0x00007ffb001d0000 - 0x00007ffb0026d000 	C:\Windows\System32\msvcp_win.dll
0x00007ffb000d0000 - 0x00007ffb001d0000 	C:\Windows\System32\ucrtbase.dll
0x00007ffaebcf0000 - 0x00007ffaebf8a000 	C:\Windows\WinSxS\amd64_microsoft.windows.common-controls_6595b64144ccf1df_6.0.19041.844_none_ca00b6081b84eb1d\COMCTL32.dll
0x00007ffb02410000 - 0x00007ffb02440000 	C:\Windows\System32\IMM32.DLL
0x0000000073390000 - 0x0000000073462000 	C:\Program Files\Android\Android Studio\jre\jre\bin\msvcr100.dll
0x0000000073bf0000 - 0x000000007443b000 	C:\Program Files\Android\Android Studio\jre\jre\bin\server\jvm.dll
0x00007ffb027c0000 - 0x00007ffb027c8000 	C:\Windows\System32\PSAPI.DLL
0x00007ffae6ee0000 - 0x00007ffae6ee9000 	C:\Windows\SYSTEM32\WSOCK32.dll
0x00007ffaf9cb0000 - 0x00007ffaf9cba000 	C:\Windows\SYSTEM32\VERSION.dll
0x00007ffaf6830000 - 0x00007ffaf6857000 	C:\Windows\SYSTEM32\WINMM.dll
0x00007ffb025f0000 - 0x00007ffb0265b000 	C:\Windows\System32\WS2_32.dll
0x00007ffafbd20000 - 0x00007ffafbd2f000 	C:\Program Files\Android\Android Studio\jre\jre\bin\verify.dll
0x00007ffaf56c0000 - 0x00007ffaf56e9000 	C:\Program Files\Android\Android Studio\jre\jre\bin\java.dll
0x00007ffaf56a0000 - 0x00007ffaf56b6000 	C:\Program Files\Android\Android Studio\jre\jre\bin\zip.dll
0x00007ffb00c50000 - 0x00007ffb01392000 	C:\Windows\System32\SHELL32.dll
0x00007ffafe210000 - 0x00007ffafe9a0000 	C:\Windows\SYSTEM32\windows.storage.dll
0x00007ffb013a0000 - 0x00007ffb016f5000 	C:\Windows\System32\combase.dll
0x00007ffaff9a0000 - 0x00007ffaff9cc000 	C:\Windows\SYSTEM32\Wldp.dll
0x00007ffb00ba0000 - 0x00007ffb00c4e000 	C:\Windows\System32\SHCORE.dll
0x00007ffb02740000 - 0x00007ffb02795000 	C:\Windows\System32\shlwapi.dll
0x00007ffb00010000 - 0x00007ffb0002f000 	C:\Windows\SYSTEM32\profapi.dll
0x00007ffaf5680000 - 0x00007ffaf569a000 	C:\Program Files\Android\Android Studio\jre\jre\bin\net.dll
0x00007ffaff790000 - 0x00007ffaff7fa000 	C:\Windows\system32\mswsock.dll
0x00007ffaf5660000 - 0x00007ffaf5673000 	C:\Program Files\Android\Android Studio\jre\jre\bin\nio.dll
0x00007ffae57b0000 - 0x00007ffae57d7000 	C:\Users\leonardo\.gradle\native\f6784746aeab05261644944871eae4fe03e0ef1612fff0a4a95f87b438bc6780\windows-amd64\native-platform.dll
0x00007ffaf6a50000 - 0x00007ffaf6a5d000 	C:\Program Files\Android\Android Studio\jre\jre\bin\management.dll
0x00007ffaffa40000 - 0x00007ffaffa58000 	C:\Windows\SYSTEM32\CRYPTSP.dll
0x00007ffaff150000 - 0x00007ffaff184000 	C:\Windows\system32\rsaenh.dll
0x00007ffb00350000 - 0x00007ffb00377000 	C:\Windows\System32\bcrypt.dll
0x00007ffafffd0000 - 0x00007ffaffffe000 	C:\Windows\SYSTEM32\USERENV.dll
0x00007ffb00970000 - 0x00007ffb009f0000 	C:\Windows\System32\bcryptprimitives.dll
0x00007ffaff910000 - 0x00007ffaff91c000 	C:\Windows\SYSTEM32\CRYPTBASE.dll
0x00007ffaff4a0000 - 0x00007ffaff4db000 	C:\Windows\SYSTEM32\IPHLPAPI.DLL
0x00007ffb01b70000 - 0x00007ffb01b78000 	C:\Windows\System32\NSI.dll
0x00007ffafa8d0000 - 0x00007ffafa8e7000 	C:\Windows\SYSTEM32\dhcpcsvc6.DLL
0x00007ffafa720000 - 0x00007ffafa73d000 	C:\Windows\SYSTEM32\dhcpcsvc.DLL
0x00007ffaff4e0000 - 0x00007ffaff5ab000 	C:\Windows\SYSTEM32\DNSAPI.dll
0x00007ffafaa00000 - 0x00007ffafaa0b000 	C:\Windows\SYSTEM32\WINNSI.DLL
0x00007ffaf52c0000 - 0x00007ffaf52e4000 	C:\Program Files\Android\Android Studio\jre\jre\bin\sunec.dll
0x00007ffaf7c20000 - 0x00007ffaf7c2a000 	C:\Windows\System32\rasadhlp.dll
0x00007ffaf7b10000 - 0x00007ffaf7b8f000 	C:\Windows\System32\fwpuclnt.dll
0x00007ffaf5650000 - 0x00007ffaf565b000 	C:\Program Files\Android\Android Studio\jre\jre\bin\sunmscapi.dll
0x00007ffb007c0000 - 0x00007ffb0091f000 	C:\Windows\System32\CRYPT32.dll
0x00007ffafede0000 - 0x00007ffafee13000 	C:\Windows\SYSTEM32\ntmarta.dll
0x00007ffae59c0000 - 0x00007ffae5b5c000 	C:\Program Files\Android\Android Studio\jre\jre\bin\awt.dll
0x00007ffb024a0000 - 0x00007ffb0256d000 	C:\Windows\System32\OLEAUT32.dll
0x00007ffafdc30000 - 0x00007ffafdc5f000 	C:\Windows\SYSTEM32\dwmapi.dll
0x00007ffafc7e0000 - 0x00007ffafcda0000 	C:\Windows\SYSTEM32\d2d1.dll
0x00007ffafdad0000 - 0x00007ffafdb6e000 	C:\Windows\system32\uxtheme.dll
0x00007ffaf21f0000 - 0x00007ffaf23d4000 	C:\Windows\SYSTEM32\dbghelp.dll

VM Arguments:
jvm_args: -Xmx2048m -Dfile.encoding=UTF-8 -Duser.country=BR -Duser.language=pt -Duser.variant 
java_command: org.gradle.launcher.daemon.bootstrap.GradleDaemon 6.5
java_class_path (initial): C:\Users\leonardo\.gradle\wrapper\dists\gradle-6.5-bin\6nifqtx7604sqp1q6g8wikw7p\gradle-6.5\lib\gradle-launcher-6.5.jar
Launcher Type: SUN_STANDARD

Environment Variables:
PATH=C:\Python39\Scripts\;C:\Python39\;C:\Windows\system32;C:\Windows;C:\Windows\System32\Wbem;C:\Windows\System32\WindowsPowerShell\v1.0\;C:\Windows\System32\OpenSSH\;C:\Program Files (x86)\NVIDIA Corporation\PhysX\Common;C:\Program Files\NVIDIA Corporation\NVIDIA NvDLISR;C:\Program Files\nodejs\;C:\ProgramData\chocolatey\bin;C:\Program Files\Git\cmd;C:\Program Files\Amazon\AWSCLIV2\;C:\Program Files\Docker\Docker\resources\bin;C:\ProgramData\DockerDesktop\version-bin;C:\Users\leonardo\AppData\Local\Microsoft\WindowsApps;C:\Users\leonardo\AppData\Roaming\npm;C:\Users\leonardo\AppData\Local\Programs\Microsoft VS Code\bin;C:\jdk-15.0.2\bin;C:\terraform_0.14.7_windows_amd64;
USERNAME=leonardo
OS=Windows_NT
PROCESSOR_IDENTIFIER=AMD64 Family 23 Model 8 Stepping 2, AuthenticAMD



---------------  S Y S T E M  ---------------

OS: Windows 10.0 , 64 bit Build 19041 (10.0.19041.804)

CPU:total 16 (initial active 16) (16 cores per cpu, 1 threads per core) family 23 model 8 stepping 2, cmov, cx8, fxsr, mmx, sse, sse2, sse3, ssse3, sse4.1, sse4.2, popcnt, avx, avx2, aes, clmul, mmxext, 3dnowpref, lzcnt, sse4a, tsc, tscinvbit, tscinv, bmi1

Memory: 4k page, physical 16700792k(6110400k free), swap 19191160k(5486136k free)

vm_info: OpenJDK 64-Bit Server VM (25.242-b01) for windows-amd64 JRE (1.8.0_242-release-1644-b01), built by "builder" with MS VC++ 10.0 (VS2010)

time: Wed Mar 31 22:59:01 2021
timezone: Hora oficial do Brasil
elapsed time: 6136 seconds (0d 1h 42m 16s)

